<?xml version="1.0" encoding="UTF-8"?>
<Site BuildName="(empty)"
	BuildStamp="20230910-1051-Experimental"
	Name="(empty)"
	Generator="ctest-3.27.4"
	CompilerName=""
	CompilerVersion=""
	OSName="Windows"
	Hostname="RASSULZHAN8E69"
	OSRelease=" Professional"
	OSVersion=" (Build 22621)"
	OSPlatform="AMD64"
	Is64Bits="1"
	VendorString="AuthenticAMD"
	VendorID="Advanced Micro Devices"
	FamilyID="15"
	ModelID="4"
	ProcessorCacheSize="64"
	NumberOfLogicalCPU="4"
	NumberOfPhysicalCPU="4"
	TotalVirtualMemory="9708"
	TotalPhysicalMemory="6138"
	LogicalProcessorsPerPhysical="1"
	ProcessorClockFrequency="1621"
	>
	<Testing>
		<StartDateTime>Sep 10 12:51 W. Europe Daylight Time</StartDateTime>
		<StartTestTime>1694343101</StartTestTime>
		<TestList/>
		<EndDateTime>Sep 10 12:51 W. Europe Daylight Time</EndDateTime>
		<EndTestTime>1694343101</EndTestTime>
		<ElapsedMinutes>0</ElapsedMinutes>
	</Testing>
</Site>
